<?xml version="1.0" encoding="UTF-8"?>
<testng-results skipped="0" failed="0" ignored="0" total="1" passed="1">
  <reporter-output>
  </reporter-output>
  <suite name="Default suite" duration-ms="9652" started-at="2024-09-06T18:31:33Z" finished-at="2024-09-06T18:31:43Z">
    <groups>
    </groups>
    <test name="Default test" duration-ms="9652" started-at="2024-09-06T18:31:33Z" finished-at="2024-09-06T18:31:43Z">
      <class name="org.test.DcKapTest">
        <test-method status="PASS" signature="beformethod()[pri:0, instance:org.test.DcKapTest@148080bb]" name="beformethod" is-config="true" duration-ms="2679" started-at="2024-09-06T18:31:33Z" finished-at="2024-09-06T18:31:36Z">
          <reporter-output>
          </reporter-output>
        </test-method> <!-- beformethod -->
        <test-method status="PASS" signature="test1()[pri:0, instance:org.test.DcKapTest@148080bb]" name="test1" duration-ms="6953" started-at="2024-09-06T18:31:36Z" finished-at="2024-09-06T18:31:43Z">
          <reporter-output>
          </reporter-output>
        </test-method> <!-- test1 -->
      </class> <!-- org.test.DcKapTest -->
    </test> <!-- Default test -->
  </suite> <!-- Default suite -->
</testng-results>
